0 info it worked if it ends with ok
1 verbose cli [ 'C:\\Program Files\\nodejs\\node.exe',
1 verbose cli   'C:\\Program Files\\nodejs\\node_modules\\npm\\bin\\npm-cli.js',
1 verbose cli   'start' ]
2 info using npm@3.10.10
3 info using node@v6.10.3
4 verbose run-script [ 'prestart', 'start', 'poststart' ]
5 info lifecycle quiz-2017@0.0.0~prestart: quiz-2017@0.0.0
6 silly lifecycle quiz-2017@0.0.0~prestart: no script for prestart, continuing
7 info lifecycle quiz-2017@0.0.0~start: quiz-2017@0.0.0
8 verbose lifecycle quiz-2017@0.0.0~start: unsafe-perm in lifecycle true
9 verbose lifecycle quiz-2017@0.0.0~start: PATH: C:\Program Files\nodejs\node_modules\npm\bin\node-gyp-bin;C:\Users\gonza\OneDrive\Documentos\GitHub\quiz_2017\node_modules\.bin;C:\Users\gonza\AppData\Local\GitHub\PortableGit_f02737a78695063deace08e96d5042710d3e32db\cmd;C:\Users\gonza\AppData\Local\GitHub\PortableGit_f02737a78695063deace08e96d5042710d3e32db\usr\bin;C:\Users\gonza\AppData\Local\GitHub\PortableGit_f02737a78695063deace08e96d5042710d3e32db\usr\share\git-tfs;C:\Users\gonza\AppData\Local\Apps\2.0\D42E9LEC.MGC\XGE7266C.XN0\gith..tion_317444273a93ac29_0003.0003_5794af8169eeff14;C:\Users\gonza\AppData\Local\GitHub\lfs-amd64_1.5.5;C:\MinGW\bin;C:\MinGW\libexec\gcc\x86_64-pc-mingw32\6.3.0;C:\ProgramData\Oracle\Java\javapath;C:\WINDOWS\system32;C:\WINDOWS;C:\WINDOWS\System32\Wbem;C:\WINDOWS\System32\WindowsPowerShell\v1.0\;C:\Program Files\MATLAB\R2015b\runtime\win64;C:\Program Files\MATLAB\R2015b\bin;C:\Program Files (x86)\Windows Live\Shared;C:\HashiCorp\Vagrant\bin;C:\Program Files\nodejs\;C:\Program Files\Git\cmd;C:\Users\gonza\AppData\Local\Microsoft\WindowsApps;C:\Users\gonza\AppData\Roaming\npm;C:\Program Files\Heroku\bin;;C:\Windows\Microsoft.NET\Framework\v4.0.30319\
10 verbose lifecycle quiz-2017@0.0.0~start: CWD: C:\Users\gonza\OneDrive\Documentos\GitHub\quiz_2017
11 silly lifecycle quiz-2017@0.0.0~start: Args: [ '/d /s /c', 'node ./bin/www' ]
12 verbose stack Error: kill ENOSYS
12 verbose stack     at exports._errnoException (util.js:1018:11)
12 verbose stack     at process.kill (internal/process.js:190:13)
12 verbose stack     at process.listener (C:\Program Files\nodejs\node_modules\npm\node_modules\npmlog\node_modules\gauge\node_modules\signal-exit\index.js:86:15)
12 verbose stack     at emitNone (events.js:91:20)
12 verbose stack     at process.emit (events.js:185:7)
12 verbose stack     at processEmit (C:\Program Files\nodejs\node_modules\npm\node_modules\npmlog\node_modules\gauge\node_modules\signal-exit\index.js:146:32)
12 verbose stack     at processEmit (C:\Program Files\nodejs\node_modules\npm\node_modules\npm-registry-client\node_modules\npmlog\node_modules\gauge\node_modules\signal-exit\index.js:146:32)
12 verbose stack     at Signal.wrap.onsignal (internal/process.js:217:44)
13 verbose cwd C:\Users\gonza\OneDrive\Documentos\GitHub\quiz_2017
14 error Windows_NT 10.0.15063
15 error argv "C:\\Program Files\\nodejs\\node.exe" "C:\\Program Files\\nodejs\\node_modules\\npm\\bin\\npm-cli.js" "start"
16 error node v6.10.3
17 error npm  v3.10.10
18 error code ENOSYS
19 error errno ENOSYS
20 error syscall kill
21 error kill ENOSYS
22 error If you need help, you may report this error at:
22 error     <https://github.com/npm/npm/issues>
23 verbose exit [ 1, true ]
